T6040 J614s NVMe pre-ANS raw PMGR snapshot
2026-07-13, Linux build #25

__PMGR_CORE_BEGIN__
__PMGR_CORE_RC__0
__PMGR_APPLE_BEGIN__
<4>[   47.165314] nvme-apple 20dcc0000.nvme: trace: platform probe entered
<4>[   47.268582] nvme-apple 20dcc0000.nvme: trace: allocation entered
<4>[   47.372655] nvme-apple 20dcc0000.nvme: trace: power domains attached
<4>[   47.476615] nvme-apple 20dcc0000.nvme: trace: MMIO resources mapped
<4>[   47.580625] nvme-apple 20dcc0000.nvme: trace: SART supplier acquired
<4>[   47.684732] nvme-apple 20dcc0000.nvme: trace: queues allocated
<4>[   47.788697] nvme-apple 20dcc0000.nvme: trace: RTKit client initialized
<4>[   47.892589] nvme-apple 20dcc0000.nvme: trace: NVMe controller object initialized
<4>[   47.996589] nvme-apple 20dcc0000.nvme: trace: raw PMGR snapshot begin
<4>[   48.100592] nvme-apple 20dcc0000.nvme: trace: PMGR ans offset 0x370 raw 0x0f0000ff target 0xf actual 0xf auto 0 reset 0
<4>[   48.204587] nvme-apple 20dcc0000.nvme: trace: PMGR fab3_soc offset 0x118 raw 0x1f0000ff target 0xf actual 0xf auto 1 reset 0
<4>[   48.308598] nvme-apple 20dcc0000.nvme: trace: PMGR afc offset 0x178 raw 0x1f0000ff target 0xf actual 0xf auto 1 reset 0
<4>[   48.416586] nvme-apple 20dcc0000.nvme: trace: PMGR apcie_phy_sw offset 0x398 raw 0x1400024f target 0xf actual 0x4 auto 1 reset 0
<4>[   48.520588] nvme-apple 20dcc0000.nvme: trace: PMGR apcie_sys_st0 offset 0x380 raw 0x1000030f target 0xf actual 0x0 auto 1 reset 0
<4>[   48.624588] nvme-apple 20dcc0000.nvme: trace: PMGR ans offset 0x370 raw 0x0f0000ff target 0xf actual 0xf auto 0 reset 0
<4>[   48.728594] nvme-apple 20dcc0000.nvme: trace: PMGR fab3_soc offset 0x118 raw 0x1f0000ff target 0xf actual 0xf auto 1 reset 0
<4>[   48.836589] nvme-apple 20dcc0000.nvme: trace: PMGR afc offset 0x178 raw 0x1f0000ff target 0xf actual 0xf auto 1 reset 0
<4>[   48.940591] nvme-apple 20dcc0000.nvme: trace: PMGR apcie_st0 offset 0x108 raw 0x000000ff target 0xf actual 0xf auto 0 reset 0
<4>[   49.044586] nvme-apple 20dcc0000.nvme: trace: PMGR apcie_sys_st1 offset 0x388 raw 0x1000030f target 0xf actual 0x0 auto 1 reset 0
<4>[   49.148594] nvme-apple 20dcc0000.nvme: trace: PMGR ans offset 0x370 raw 0x0f0000ff target 0xf actual 0xf auto 0 reset 0
<4>[   49.256589] nvme-apple 20dcc0000.nvme: trace: PMGR fab3_soc offset 0x118 raw 0x1f0000ff target 0xf actual 0xf auto 1 reset 0
<4>[   49.360587] nvme-apple 20dcc0000.nvme: trace: PMGR afc offset 0x178 raw 0x1f0000ff target 0xf actual 0xf auto 1 reset 0
<4>[   49.464586] nvme-apple 20dcc0000.nvme: trace: PMGR apcie_st1 offset 0x110 raw 0x000000ff target 0xf actual 0xf auto 0 reset 0
<4>[   49.568590] nvme-apple 20dcc0000.nvme: trace: raw PMGR snapshot complete; stopping before ANS MMIO
__PMGR_APPLE_RC__0
__PMGR_TARGET_ALIVE__
__PMGR_POSTCHECK_ALIVE__

No reset work, ANS MMIO, CoastGuard transition, SART entry access, mailbox,
NVMe command, namespace command, or storage command occurred.
